[r.mobirisesite.com/841905/assets/images/img-2996-192x162eeae.jpg]
[backblue.gif]
[fade.gif]
[index.html]
[r.mobirisesite.com/841905/assets/web/assets/mobirise-icons2/mobirise2.css]
[r.mobirisesite.com/841905/assets/bootstrap/css/bootstrap.min.css]
[r.mobirisesite.com/841905/assets/bootstrap/css/bootstrap-grid.min.css]
[r.mobirisesite.com/841905/assets/bootstrap/css/bootstrap-reboot.min.css]
[r.mobirisesite.com/841905/assets/parallax/jarallax.css]
[r.mobirisesite.com/841905/assets/dropdown/css/style.css]
[r.mobirisesite.com/841905/assets/socicon/css/styles.css]
[r.mobirisesite.com/841905/assets/theme/css/style.css]
[r.mobirisesite.com/841905/assets/mobirise/css/mbr-additional3075.css]
[r.mobirisesite.com/841905/assets/images/img-6801-810x1080eeae.jpg]
[r.mobirisesite.com/841905/assets/images/img-6794-510x765eeae.jpg]
[r.mobirisesite.com/841905/assets/images/whatsapp-image-2024-10-04-at-1.13.10-pm-510x766eeae.jpg]
[r.mobirisesite.com/841905/assets/images/img-6802-510x340eeae.jpg]
[r.mobirisesite.com/841905/assets/images/img-6800-510x383eeae.jpg]
[r.mobirisesite.com/841905/assets/images/img-6803-1659x1105eeae.jpg]
[r.mobirisesite.com/841905/assets/images/img-6793-1851x1388eeae.jpg]
[r.mobirisesite.com/841905/assets/images/img-6798-758x569eeae.jpg]
[r.mobirisesite.com/841905/assets/images/img-6797-758x569eeae.jpg]
[r.mobirisesite.com/841905/assets/images/img-6791-758x569eeae.jpg]
[r.mobirisesite.com/841905/assets/images/img-6792-758x569eeae.jpg]
[r.mobirisesite.com/841905/assets/images/92562-1085x1075eeae.jpg]
[r.mobirisesite.com/841905/assets/images/img-6800-960x720eeae.jpg]
[r.mobirisesite.com/841905/assets/images/img-6799-1085x814eeae.jpg]
[r.mobirisesite.com/841905/assets/images/img-6783-1-3024x4032eeae.jpg]
[r.mobirisesite.com/841905/assets/images/img-6781-1-3024x4032eeae.jpg]
[r.mobirisesite.com/841905/assets/images/img-6782-3024x4032eeae.jpg]
[r.mobirisesite.com/841905/assets/images/img-6772-3024x4032eeae.jpg]
[r.mobirisesite.com/841905/assets/images/img-6776-3024x4032eeae.jpg]
[r.mobirisesite.com/841905/assets/images/img-6777-3024x4032eeae.jpg]
[r.mobirisesite.com/841905/assets/bootstrap/js/bootstrap.bundle.min.js]
[r.mobirisesite.com/841905/assets/parallax/jarallax.js]
[r.mobirisesite.com/841905/assets/smoothscroll/smooth-scroll.js]
[r.mobirisesite.com/841905/assets/ytplayer/index.js]
[r.mobirisesite.com/841905/assets/dropdown/js/navbar-dropdown.js]
[r.mobirisesite.com/841905/assets/mbr-switch-arrow/mbr-switch-arrow.js]
[r.mobirisesite.com/841905/assets/scrollgallery/scroll-gallery.js]
[r.mobirisesite.com/841905/assets/theme/js/script.js]
[upperdarbyhindutemplepa.mobirisesite.com/index.html]
[r.mobirisesite.com/841905/assets/formoid/formoid.min.js]
[r.mobirisesite.com/841905/assets/web/assets/mobirise-icons2/mobirise21e04.eot]
[r.mobirisesite.com/841905/assets/web/assets/mobirise-icons2/mobirise21e04.ttf]
[r.mobirisesite.com/841905/assets/web/assets/mobirise-icons2/mobirise21e04.woff]
[r.mobirisesite.com/841905/assets/web/assets/mobirise-icons2/mobirise2.css]
[r.mobirisesite.com/841905/assets/bootstrap/css/bootstrap.min.css]
[r.mobirisesite.com/841905/assets/bootstrap/css/bootstrap-grid.min.css]
[r.mobirisesite.com/841905/assets/bootstrap/css/bootstrap-reboot.min.css]
[r.mobirisesite.com/841905/assets/parallax/jarallax.css]
[r.mobirisesite.com/841905/assets/dropdown/css/style.css]
[r.mobirisesite.com/841905/assets/socicon/css/styles.css]
[r.mobirisesite.com/841905/assets/theme/css/style.css]
[r.mobirisesite.com/841905/assets/web/assets/mobirise-icons2/mobirise21e04.svg]
[r.mobirisesite.com/841905/assets/images/92562-1290x1278eeae.jpg]
[r.mobirisesite.com/841905/assets/mobirise/css/mbr-additional3075.css]
[r.mobirisesite.com/841905/assets/web/assets/mobirise-icons2/mobirise21e04.svg]
